<?xml version="1.0" encoding="UTF-8"?>
<!-- Generated by org.testng.reporters.JUnitReportReporter -->
<testsuite hostname="DESKTOP-8RNOGRT" failures="0" tests="1" name="practice.datadriventesting.ReadRunTimeMavenParameterTest" time="0.030" errors="0" timestamp="2024-05-18T10:05:10 IST" skipped="0">
  <testcase classname="practice.datadriventesting.ReadRunTimeMavenParameterTest" name="runtimeParameterTest" time="0.030"/>
  <system-out/>
</testsuite> <!-- practice.datadriventesting.ReadRunTimeMavenParameterTest -->
