<?xml version="1.0" encoding="UTF-8"?>
<!-- Generated by org.testng.reporters.JUnitReportReporter -->
<testsuite hostname="DESKTOP-8RNOGRT" failures="0" tests="2" name="practice.testNg.SampleTest" time="0.032" errors="0" timestamp="2024-05-11T12:14:14 IST" skipped="0">
  <testcase classname="practice.testNg.SampleTest" name="createContactwithOrgNameTest" time="0.005"/>
  <system-out/>
  <testcase classname="practice.testNg.SampleTest" name="createContactTest" time="0.027"/>
  <system-out/>
</testsuite> <!-- practice.testNg.SampleTest -->
