<?xml version="1.0" encoding="UTF-8"?>
<!-- Generated by org.testng.reporters.JUnitReportReporter -->
<testsuite hostname="DESKTOP-8RNOGRT" failures="0" tests="3" name="practice.testNg.GetProductInfoTest" time="53.001" errors="0" timestamp="2024-05-13T12:49:33 IST" skipped="0">
  <testcase classname="practice.testNg.GetProductInfoTest" name="getProductInfoTest" time="17.971"/>
  <system-out/>
  <testcase classname="practice.testNg.GetProductInfoTest" name="getProductInfoTest" time="15.716"/>
  <system-out/>
  <testcase classname="practice.testNg.GetProductInfoTest" name="getProductInfoTest" time="19.314"/>
  <system-out/>
</testsuite> <!-- practice.testNg.GetProductInfoTest -->
