<?xml version="1.0" encoding="UTF-8"?>
<!-- Generated by org.testng.reporters.JUnitReportReporter -->
<testsuite hostname="DESKTOP-8RNOGRT" failures="0" tests="1" name="practice.testNg.SampleReportTest" time="1.520" errors="0" timestamp="2024-05-21T17:29:13 IST" skipped="0">
  <testcase classname="practice.testNg.SampleReportTest" name="createContactTest" time="1.520"/>
  <system-out/>
</testsuite> <!-- practice.testNg.SampleReportTest -->
