<?xml version="1.0" encoding="UTF-8"?>
<!-- Generated by org.testng.reporters.JUnitReportReporter -->
<testsuite hostname="DESKTOP-8RNOGRT" failures="0" tests="3" name="practice.testNg.SampleExtentReportTest" time="0.044" errors="0" timestamp="2024-05-21T17:27:08 IST" skipped="0">
  <testcase classname="practice.testNg.SampleExtentReportTest" name="createContactTest" time="0.035"/>
  <system-out/>
  <testcase classname="practice.testNg.SampleExtentReportTest" name="createContactWithOrgTest" time="0.004"/>
  <system-out/>
  <testcase classname="practice.testNg.SampleExtentReportTest" name="createContactWithPhoneNoTest" time="0.005"/>
  <system-out/>
</testsuite> <!-- practice.testNg.SampleExtentReportTest -->
