<?xml version="1.0" encoding="UTF-8"?>
<!-- Generated by org.testng.reporters.JUnitReportReporter -->
<testsuite hostname="DESKTOP-8RNOGRT" failures="0" tests="1" name="practice.pom.repository.SampleTestWithPOM" time="17.665" errors="0" timestamp="2024-05-10T10:40:32 IST" skipped="0">
  <testcase classname="practice.pom.repository.SampleTestWithPOM" name="sampleTest" time="17.665"/>
  <system-out/>
</testsuite> <!-- practice.pom.repository.SampleTestWithPOM -->
