<?xml version="1.0" encoding="UTF-8"?>
<!-- Generated by org.testng.reporters.JUnitReportReporter -->
<testsuite hostname="DESKTOP-8RNOGRT" failures="0" tests="3" name="practice.testNg.Sample_DataProviderTest" time="0.026" errors="0" timestamp="2024-05-11T15:48:01 IST" skipped="0">
  <testcase classname="practice.testNg.Sample_DataProviderTest" name="createContactTest" time="0.003"/>
  <system-out/>
  <testcase classname="practice.testNg.Sample_DataProviderTest" name="createContactTest" time="0.003"/>
  <system-out/>
  <testcase classname="practice.testNg.Sample_DataProviderTest" name="createContactTest" time="0.020"/>
  <system-out/>
</testsuite> <!-- practice.testNg.Sample_DataProviderTest -->
