<?xml version="1.0" encoding="UTF-8"?>
<!-- Generated by org.testng.reporters.JUnitReportReporter -->
<testsuite hostname="DESKTOP-8RNOGRT" failures="0" tests="1" name="practice.datadriventesting.ReadDataFromTestNGXML" time="0.039" errors="0" timestamp="2024-05-17T23:29:05 IST" skipped="0">
  <testcase classname="practice.datadriventesting.ReadDataFromTestNGXML" name="sampleTest" time="0.039"/>
  <system-out/>
</testsuite> <!-- practice.datadriventesting.ReadDataFromTestNGXML -->
