<?xml version="1.0" encoding="UTF-8"?>
<!-- Generated by org.testng.reporters.JUnitReportReporter -->
<testsuite hostname="DESKTOP-8RNOGRT" failures="0" tests="1" name="practice.testNg.Screenshot_ExtentReport" time="16.942" errors="0" timestamp="2024-05-17T15:39:08 IST" skipped="0">
  <testcase classname="practice.testNg.Screenshot_ExtentReport" name="createContactTest" time="16.942"/>
  <system-out/>
</testsuite> <!-- practice.testNg.Screenshot_ExtentReport -->
