<?xml version="1.0" encoding="UTF-8"?>
<!-- Generated by org.testng.reporters.JUnitReportReporter -->
<testsuite hostname="DESKTOP-8RNOGRT" failures="0" tests="2" name="com.crm.OrgTest.CreateOrgTest" time="0.014" errors="0" timestamp="2024-05-14T11:37:48 IST" skipped="0">
  <testcase classname="com.crm.OrgTest.CreateOrgTest" name="createOrgWithIndustries" time="0.006"/>
  <system-out/>
  <testcase classname="com.crm.OrgTest.CreateOrgTest" name="createOrgTest" time="0.008"/>
  <system-out/>
</testsuite> <!-- com.crm.OrgTest.CreateOrgTest -->
