<?xml version="1.0" encoding="UTF-8"?>
<!-- Generated by org.testng.reporters.JUnitReportReporter -->
<testsuite hostname="DESKTOP-8RNOGRT" failures="0" tests="2" name="practice.homeTest.HomePageVerificationTest" time="31.954" errors="0" timestamp="2024-05-15T14:39:18 IST" skipped="0">
  <testcase classname="practice.homeTest.HomePageVerificationTest" name="verifyLogoHomePageTest" time="15.102"/>
  <system-out/>
  <testcase classname="practice.homeTest.HomePageVerificationTest" name="homePageTest" time="16.852"/>
  <system-out/>
</testsuite> <!-- practice.homeTest.HomePageVerificationTest -->
