<?xml version="1.0" encoding="UTF-8"?>
<!-- Generated by org.testng.reporters.JUnitReportReporter -->
<testsuite hostname="DESKTOP-8RNOGRT" failures="0" tests="3" name="com.comcast.crm.contacttest.CreateContactCRMTest" time="100.047" errors="0" timestamp="2024-05-17T16:48:55 IST" skipped="0">
  <testcase classname="com.comcast.crm.contacttest.CreateContactCRMTest" name="createContactWithOrgTest" time="46.653"/>
  <system-out/>
  <testcase classname="com.comcast.crm.contacttest.CreateContactCRMTest" name="createContactWithSupportDateTest" time="25.806"/>
  <system-out/>
  <testcase classname="com.comcast.crm.contacttest.CreateContactCRMTest" name="createContactTest" time="27.588"/>
  <system-out/>
</testsuite> <!-- com.comcast.crm.contacttest.CreateContactCRMTest -->
