<?xml version="1.0" encoding="UTF-8"?>
<!-- Generated by org.testng.reporters.JUnitReportReporter -->
<testsuite hostname="DESKTOP-8RNOGRT" failures="0" tests="2" name="com.crm.contactTest.CreateContactTest" time="0.029" errors="0" timestamp="2024-05-14T11:37:48 IST" skipped="0">
  <testcase classname="com.crm.contactTest.CreateContactTest" name="createContactTest" time="0.021"/>
  <system-out/>
  <testcase classname="com.crm.contactTest.CreateContactTest" name="createContactWithDate" time="0.008"/>
  <system-out/>
</testsuite> <!-- com.crm.contactTest.CreateContactTest -->
