<?xml version="1.0" encoding="UTF-8"?>
<!-- Generated by org.testng.reporters.JUnitReportReporter -->
<testsuite hostname="DESKTOP-8RNOGRT" failures="0" tests="3" name="practiceTestNg.GetProductInfoTest" time="52.347" errors="0" timestamp="2024-05-13T14:16:45 IST" skipped="0">
  <testcase classname="practiceTestNg.GetProductInfoTest" name="getProductInfoTest" time="15.315"/>
  <system-out/>
  <testcase classname="practiceTestNg.GetProductInfoTest" name="getProductInfoTest" time="15.514"/>
  <system-out/>
  <testcase classname="practiceTestNg.GetProductInfoTest" name="getProductInfoTest" time="21.518"/>
  <system-out/>
</testsuite> <!-- practiceTestNg.GetProductInfoTest -->
