<?xml version="1.0" encoding="UTF-8"?>
<!-- Generated by org.testng.reporters.JUnitReportReporter -->
<testsuite hostname="DESKTOP-8RNOGRT" failures="0" tests="2" name="practice.homeTest.HomePageSampleTest" time="0.040" errors="0" timestamp="2024-05-15T16:46:22 IST" skipped="0">
  <testcase classname="practice.homeTest.HomePageSampleTest" name="homepageTest" time="0.037"/>
  <system-out/>
  <testcase classname="practice.homeTest.HomePageSampleTest" name="verifyLogo" time="0.003"/>
  <system-out>
    <![CDATA[verifyLogo Test Start
Step-1
Step-2
Step-3
Step-4
verifyLogo Test End]]>
  </system-out>
</testsuite> <!-- practice.homeTest.HomePageSampleTest -->
