<?xml version="1.0" encoding="UTF-8"?>
<!-- Generated by org.testng.reporters.JUnitReportReporter -->
<testsuite hostname="DESKTOP-8RNOGRT" failures="0" tests="2" name="practiceTestNg.ConfigAnnotations" time="0.033" errors="0" timestamp="2024-05-13T15:11:13 IST" skipped="0">
  <testcase classname="practiceTestNg.ConfigAnnotations" name="createContact" time="0.017"/>
  <system-out/>
  <testcase classname="practiceTestNg.ConfigAnnotations" name="createContactDate" time="0.016"/>
  <system-out/>
</testsuite> <!-- practiceTestNg.ConfigAnnotations -->
